SF:lib/domain/entities/auth_token.dart
DA:8,3
DA:14,0
DA:16,1
DA:17,4
LF:4
LH:3
end_of_record
SF:lib/domain/usecases/login_usecase_injectable.dart
DA:11,1
DA:13,1
DA:17,2
DA:21,1
DA:25,2
DA:28,1
DA:29,1
DA:31,1
LF:8
LH:8
end_of_record
SF:lib/core/errors/failures.dart
DA:6,8
DA:8,0
DA:9,0
DA:13,3
DA:17,0
DA:21,0
DA:25,8
DA:29,0
LF:8
LH:3
end_of_record
SF:lib/domain/entities/user.dart
DA:9,1
DA:16,1
DA:17,5
LF:3
LH:3
end_of_record
SF:lib/domain/usecases/register_usecase_injectable.dart
DA:11,1
DA:13,1
DA:20,4
DA:24,1
DA:28,2
DA:34,2
DA:42,1
DA:43,1
DA:45,1
LF:9
LH:9
end_of_record
SF:lib/domain/usecases/check_auth_status_usecase_injectable.dart
DA:8,0
DA:10,0
DA:11,0
LF:3
LH:0
end_of_record
SF:lib/domain/usecases/get_current_user_usecase_injectable.dart
DA:11,0
DA:13,0
DA:14,0
LF:3
LH:0
end_of_record
SF:lib/domain/usecases/logout_usecase_injectable.dart
DA:10,0
DA:12,0
DA:13,0
LF:3
LH:0
end_of_record
SF:lib/presentation/bloc/auth_state.dart
DA:4,2
DA:6,1
DA:7,1
DA:18,1
DA:20,1
DA:21,3
DA:29,2
DA:31,1
DA:32,2
LF:9
LH:9
end_of_record
SF:lib/presentation/bloc/auth_bloc.dart
DA:23,1
DA:29,2
DA:30,2
DA:31,2
DA:32,2
DA:33,2
DA:36,2
DA:39,1
DA:43,2
DA:45,2
DA:46,1
DA:47,1
DA:50,1
DA:51,5
DA:55,2
DA:56,2
DA:58,1
DA:60,1
DA:61,4
DA:62,3
DA:66,1
DA:70,2
DA:72,2
DA:73,1
DA:74,1
DA:75,1
DA:76,1
DA:79,1
DA:80,5
DA:84,2
DA:85,2
DA:87,1
DA:89,1
DA:90,0
DA:91,3
DA:95,1
DA:99,2
DA:101,2
DA:102,1
DA:103,4
DA:104,3
DA:108,1
DA:112,2
DA:115,2
DA:116,1
DA:117,3
DA:118,2
DA:119,1
DA:121,1
DA:123,2
DA:129,2
LF:51
LH:50
end_of_record
SF:lib/presentation/bloc/auth_event.dart
DA:4,2
DA:6,0
DA:7,0
DA:14,1
DA:16,0
DA:17,0
DA:26,1
DA:33,0
DA:34,0
LF:9
LH:3
end_of_record
SF:lib/presentation/widgets/custom_button.dart
DA:12,2
DA:23,1
DA:26,1
DA:27,1
DA:30,1
DA:32,1
DA:33,1
DA:34,0
DA:35,3
DA:39,1
DA:41,1
DA:42,1
DA:43,1
DA:44,1
DA:53,1
DA:54,1
DA:55,1
DA:57,1
DA:58,0
DA:59,0
DA:60,0
DA:61,0
DA:62,0
DA:64,0
DA:65,0
DA:70,1
DA:71,2
DA:72,1
DA:73,3
DA:74,3
DA:75,1
DA:76,1
LF:32
LH:24
end_of_record
SF:lib/presentation/widgets/custom_text_field.dart
DA:15,1
DA:29,1
DA:31,1
DA:32,1
DA:33,1
DA:34,1
DA:35,1
DA:36,1
DA:37,1
DA:38,1
DA:39,1
DA:40,1
DA:41,1
DA:42,1
DA:43,2
DA:44,1
DA:45,1
DA:46,4
DA:48,1
DA:49,1
DA:50,1
DA:51,3
DA:55,1
DA:56,1
DA:57,4
LF:25
LH:25
end_of_record
